#
# There is insufficient memory for the Java Runtime Environment to continue.
# Native memory allocation (malloc) failed to allocate 910096 bytes for Chunk::new
# Possible reasons:
#   The system is out of physical RAM or swap space
#   In 32 bit mode, the process size limit was hit
# Possible solutions:
#   Reduce memory load on the system
#   Increase physical memory or swap space
#   Check if swap backing store is full
#   Use 64 bit Java on a 64 bit OS
#   Decrease Java heap size (-Xmx/-Xms)
#   Decrease number of Java threads
#   Decrease Java thread stack sizes (-Xss)
#   Set larger code cache with -XX:ReservedCodeCacheSize=
# This output file may be truncated or incomplete.
#
#  Out of Memory Error (allocation.cpp:390), pid=2632, tid=0x0000000000001860
#
# JRE version: Java(TM) SE Runtime Environment (8.0_102-b14) (build 1.8.0_102-b14)
# Java VM: Java HotSpot(TM) 64-Bit Server VM (25.102-b14 mixed mode windows-amd64 compressed oops)
# Failed to write core dump. Minidumps are not enabled by default on client versions of Windows
#

---------------  T H R E A D  ---------------

Current thread (0x00000000193ec800):  JavaThread "C2 CompilerThread1" daemon [_thread_in_native, id=6240, stack(0x0000000019cb0000,0x0000000019db0000)]

Stack: [0x0000000019cb0000,0x0000000019db0000]
[error occurred during error reporting (printing stack bounds), id 0xc0000005]

Native frames: (J=compiled Java code, j=interpreted, Vv=VM code, C=native code)


Current CompileTask:
C2:    462  490   !   4       com.android.multidex.ClassReferenceListBuilder::addClassWithHierachy (124 bytes)


---------------  P R O C E S S  ---------------

Java Threads: ( => current thread )
  0x0000000019413000 JavaThread "Service Thread" daemon [_thread_blocked, id=10040, stack(0x0000000019fb0000,0x000000001a0b0000)]
  0x00000000193f4000 JavaThread "C1 CompilerThread3" daemon [_thread_blocked, id=5704, stack(0x0000000019eb0000,0x0000000019fb0000)]
  0x00000000193ee800 JavaThread "C2 CompilerThread2" daemon [_thread_in_native, id=8068, stack(0x0000000019db0000,0x0000000019eb0000)]
=>0x00000000193ec800 JavaThread "C2 CompilerThread1" daemon [_thread_in_native, id=6240, stack(0x0000000019cb0000,0x0000000019db0000)]
  0x00000000193e9800 JavaThread "C2 CompilerThread0" daemon [_thread_in_native, id=11184, stack(0x0000000019bb0000,0x0000000019cb0000)]
  0x00000000193e7000 JavaThread "Attach Listener" daemon [_thread_blocked, id=6836, stack(0x0000000019ab0000,0x0000000019bb0000)]
  0x00000000193e4000 JavaThread "Signal Dispatcher" daemon [_thread_blocked, id=4092, stack(0x00000000199b0000,0x0000000019ab0000)]
  0x00000000193e0800 JavaThread "Finalizer" daemon [_thread_blocked, id=7976, stack(0x00000000197c0000,0x00000000198c0000)]
  0x0000000002516000 JavaThread "Reference Handler" daemon [_thread_blocked, id=10776, stack(0x00000000192c0000,0x00000000193c0000)]
  0x0000000002420800 JavaThread "main" [_thread_in_Java, id=5460, stack(0x0000000002320000,0x0000000002420000)]

Other Threads:
  0x00000000174e9800 VMThread [stack: 0x00000000191c0000,0x00000000192c0000] [id=5576]
  0x0000000019417800 WatcherThread [stack: 0x000000001a0b0000,0x000000001a1b0000] [id=10656]

VM state:not at safepoint (normal execution)

VM Mutex/Monitor currently owned by a thread: None

Heap:
 PSYoungGen      total 71680K, used 24056K [0x00000000d5b80000, 0x00000000da680000, 0x0000000100000000)
  eden space 66560K, 28% used [0x00000000d5b80000,0x00000000d6e00658,0x00000000d9c80000)
  from space 5120K, 99% used [0x00000000da180000,0x00000000da67db80,0x00000000da680000)
  to   space 5120K, 0% used [0x00000000d9c80000,0x00000000d9c80000,0x00000000da180000)
 ParOldGen       total 87552K, used 1041K [0x0000000081200000, 0x0000000086780000, 0x00000000d5b80000)
  object space 87552K, 1% used [0x0000000081200000,0x0000000081304738,0x0000000086780000)
 Metaspace       used 3687K, capacity 5144K, committed 5376K, reserved 1056768K
  class space    used 392K, capacity 456K, committed 512K, reserved 1048576K

Card table byte_map: [0x00000000118e0000,0x0000000011ce0000] byte_map_base: 0x00000000114d7000

Marking Bits: (ParMarkBitMap*) 0x0000000068a0a6c0
 Begin Bits: [0x0000000012790000, 0x0000000014748000)
 End Bits:   [0x0000000014748000, 0x0000000016700000)

Polling page: 0x0000000000b00000

CodeCache: size=245760Kb used=3036Kb max_used=3036Kb free=242723Kb
 bounds [0x0000000002520000, 0x0000000002820000, 0x0000000011520000]
 total_blobs=755 nmethods=509 adapters=159
 compilation: enabled

Compilation events (10 events):
Event: 0.440 Thread 0x00000000193f4000  518       3       com.android.dx.cf.attrib.AttRuntimeInvisibleAnnotations::<init> (9 bytes)
Event: 0.440 Thread 0x00000000193f4000 nmethod 518 0x00000000027e0d50 code [0x00000000027e0ec0, 0x00000000027e1068]
Event: 0.440 Thread 0x00000000193f4000  516       3       com.android.dx.cf.attrib.AttEnclosingMethod::<init> (31 bytes)
Event: 0.440 Thread 0x00000000193f4000 nmethod 516 0x00000000027e0710 code [0x00000000027e08a0, 0x00000000027e0c08]
Event: 0.449 Thread 0x00000000193f4000  520   !   3       com.android.dx.cf.attrib.AttExceptions::<init> (45 bytes)
Event: 0.449 Thread 0x00000000193f4000 nmethod 520 0x00000000027dfd90 code [0x00000000027dff40, 0x00000000027e0468]
Event: 0.449 Thread 0x00000000193f4000  521       3       com.android.dx.cf.attrib.AttExceptions::byteLength (15 bytes)
Event: 0.449 Thread 0x00000000193f4000 nmethod 521 0x00000000027df950 code [0x00000000027dfac0, 0x00000000027dfce8]
Event: 0.449 Thread 0x00000000193f4000  522       3       com.android.dx.cf.direct.StdAttributeFactory::exceptions (105 bytes)
Event: 0.450 Thread 0x00000000193f4000 nmethod 522 0x0000000002817610 code [0x0000000002817900, 0x0000000002818e38]

GC Heap History (4 events):
Event: 0.283 GC heap before
{Heap before GC invocations=1 (full 0):
 PSYoungGen      total 38400K, used 33280K [0x00000000d5b80000, 0x00000000d8600000, 0x0000000100000000)
  eden space 33280K, 100% used [0x00000000d5b80000,0x00000000d7c00000,0x00000000d7c00000)
  from space 5120K, 0% used [0x00000000d8100000,0x00000000d8100000,0x00000000d8600000)
  to   space 5120K, 0% used [0x00000000d7c00000,0x00000000d7c00000,0x00000000d8100000)
 ParOldGen       total 87552K, used 0K [0x0000000081200000, 0x0000000086780000, 0x00000000d5b80000)
  object space 87552K, 0% used [0x0000000081200000,0x0000000081200000,0x0000000086780000)
 Metaspace       used 3651K, capacity 5080K, committed 5376K, reserved 1056768K
  class space    used 392K, capacity 456K, committed 512K, reserved 1048576K
Event: 0.288 GC heap after
Heap after GC invocations=1 (full 0):
 PSYoungGen      total 38400K, used 4374K [0x00000000d5b80000, 0x00000000da680000, 0x0000000100000000)
  eden space 33280K, 0% used [0x00000000d5b80000,0x00000000d5b80000,0x00000000d7c00000)
  from space 5120K, 85% used [0x00000000d7c00000,0x00000000d8045bc8,0x00000000d8100000)
  to   space 5120K, 0% used [0x00000000da180000,0x00000000da180000,0x00000000da680000)
 ParOldGen       total 87552K, used 8K [0x0000000081200000, 0x0000000086780000, 0x00000000d5b80000)
  object space 87552K, 0% used [0x0000000081200000,0x0000000081202000,0x0000000086780000)
 Metaspace       used 3651K, capacity 5080K, committed 5376K, reserved 1056768K
  class space    used 392K, capacity 456K, committed 512K, reserved 1048576K
}
Event: 0.401 GC heap before
{Heap before GC invocations=2 (full 0):
 PSYoungGen      total 38400K, used 37654K [0x00000000d5b80000, 0x00000000da680000, 0x0000000100000000)
  eden space 33280K, 100% used [0x00000000d5b80000,0x00000000d7c00000,0x00000000d7c00000)
  from space 5120K, 85% used [0x00000000d7c00000,0x00000000d8045bc8,0x00000000d8100000)
  to   space 5120K, 0% used [0x00000000da180000,0x00000000da180000,0x00000000da680000)
 ParOldGen       total 87552K, used 8K [0x0000000081200000, 0x0000000086780000, 0x00000000d5b80000)
  object space 87552K, 0% used [0x0000000081200000,0x0000000081202000,0x0000000086780000)
 Metaspace       used 3683K, capacity 5144K, committed 5376K, reserved 1056768K
  class space    used 392K, capacity 456K, committed 512K, reserved 1048576K
Event: 0.406 GC heap after
Heap after GC invocations=2 (full 0):
 PSYoungGen      total 71680K, used 5110K [0x00000000d5b80000, 0x00000000da680000, 0x0000000100000000)
  eden space 66560K, 0% used [0x00000000d5b80000,0x00000000d5b80000,0x00000000d9c80000)
  from space 5120K, 99% used [0x00000000da180000,0x00000000da67db80,0x00000000da680000)
  to   space 5120K, 0% used [0x00000000d9c80000,0x00000000d9c80000,0x00000000da180000)
 ParOldGen       total 87552K, used 1041K [0x0000000081200000, 0x0000000086780000, 0x00000000d5b80000)
  object space 87552K, 1% used [0x0000000081200000,0x0000000081304738,0x0000000086780000)
 Metaspace       used 3683K, capacity 5144K, committed 5376K, reserved 1056768K
  class space    used 392K, capacity 456K, committed 512K, reserved 1048576K
}

Deoptimization events (4 events):
Event: 0.425 Thread 0x0000000002420800 Uncommon trap: reason=class_check action=maybe_recompile pc=0x00000000027c8d2c method=com.android.dx.cf.attrib.AttConstantValue.<init>(Lcom/android/dx/rop/cst/TypedConstant;)V @ 28
Event: 0.425 Thread 0x0000000002420800 Uncommon trap: reason=class_check action=maybe_recompile pc=0x00000000027c8d2c method=com.android.dx.cf.attrib.AttConstantValue.<init>(Lcom/android/dx/rop/cst/TypedConstant;)V @ 28
Event: 0.425 Thread 0x0000000002420800 Uncommon trap: reason=class_check action=maybe_recompile pc=0x00000000027c8d2c method=com.android.dx.cf.attrib.AttConstantValue.<init>(Lcom/android/dx/rop/cst/TypedConstant;)V @ 28
Event: 0.436 Thread 0x0000000002420800 Uncommon trap: reason=unstable_if action=reinterpret pc=0x00000000027c8708 method=com.android.dx.cf.direct.StdAttributeFactory.parse0(Lcom/android/dx/cf/direct/DirectClassFile;ILjava/lang/String;IILcom/android/dx/cf/iface/ParseObserver;)Lcom/android/dx/cf/

Internal exceptions (2 events):
Event: 0.022 Thread 0x0000000002420800 Exception <a 'java/lang/NoSuchMethodError': Method sun.misc.Unsafe.defineClass(Ljava/lang/String;[BII)Ljava/lang/Class; name or signature does not match> (0x00000000d5b87c78) thrown at [C:\re\workspace\8-2-build-windows-amd64-cygwin\jdk8u102\7268\hotspot\s9)úZƒ–?
Event: 0.022 Thread 0x0000000002420800 Exception <a 'java/lang/NoSuchMethodError': Method sun.misc.Unsafe.prefetchRead(Ljava/lang/Object;J)V name or signature does not match> (0x00000000d5b87f60) thrown at [C:\re\workspace\8-2-build-windows-amd64-cygwin\jdk8u102\7268\hotspot\src\share\vm\prims\

Events (10 events):
Event: 0.425 Thread 0x0000000002420800 DEOPT UNPACKING pc=0x000000000256582a sp=0x000000000241e7d8 mode 2
Event: 0.425 Thread 0x0000000002420800 Uncommon trap: trap_request=0xffffffde fr.pc=0x00000000027c8d2c
Event: 0.425 Thread 0x0000000002420800 DEOPT PACKING pc=0x00000000027c8d2c sp=0x000000000241e8e0
Event: 0.425 Thread 0x0000000002420800 DEOPT UNPACKING pc=0x000000000256582a sp=0x000000000241e7d8 mode 2
Event: 0.425 Thread 0x0000000002420800 Uncommon trap: trap_request=0xffffffde fr.pc=0x00000000027c8d2c
Event: 0.425 Thread 0x0000000002420800 DEOPT PACKING pc=0x00000000027c8d2c sp=0x000000000241e8e0
Event: 0.425 Thread 0x0000000002420800 DEOPT UNPACKING pc=0x000000000256582a sp=0x000000000241e7d8 mode 2
Event: 0.435 Thread 0x0000000002420800 Uncommon trap: trap_request=0xffffff65 fr.pc=0x00000000027c8708
Event: 0.436 Thread 0x0000000002420800 DEOPT PACKING pc=0x00000000027c8708 sp=0x000000000241ead0
Event: 0.436 Thread 0x0000000002420800 DEOPT UNPACKING pc=0x000000000256582a sp=0x000000000241eac8 mode 2


Dynamic libraries:
0x00007ff66d770000 - 0x00007ff66d7a7000 	C:\Program Files\Java\jdk1.8.0_102\bin\java.exe
0x00007ff96bcd0000 - 0x00007ff96bea1000 	C:\WINDOWS\SYSTEM32\ntdll.dll
0x00007ff969280000 - 0x00007ff96932b000 	C:\WINDOWS\System32\KERNEL32.DLL
0x00007ff9681c0000 - 0x00007ff9683dd000 	C:\WINDOWS\System32\KERNELBASE.dll
0x00007ff969db0000 - 0x00007ff969e52000 	C:\WINDOWS\System32\ADVAPI32.dll
0x00007ff96b8a0000 - 0x00007ff96b93e000 	C:\WINDOWS\System32\msvcrt.dll
0x00007ff969be0000 - 0x00007ff969c39000 	C:\WINDOWS\System32\sechost.dll
0x00007ff969ee0000 - 0x00007ff96a001000 	C:\WINDOWS\System32\RPCRT4.dll
0x00007ff96a010000 - 0x00007ff96a175000 	C:\WINDOWS\System32\USER32.dll
0x00007ff9686d0000 - 0x00007ff9686ee000 	C:\WINDOWS\System32\win32u.dll
0x00007ff969ea0000 - 0x00007ff969ed4000 	C:\WINDOWS\System32\GDI32.dll
0x00007ff968540000 - 0x00007ff9686c2000 	C:\WINDOWS\System32\gdi32full.dll
0x00007ff961930000 - 0x00007ff961ba9000 	C:\WINDOWS\WinSxS\amd64_microsoft.windows.common-controls_6595b64144ccf1df_6.0.14393.0_none_2d0f50fcbdb171b8\COMCTL32.dll
0x00007ff96ba00000 - 0x00007ff96bcc7000 	C:\WINDOWS\System32\combase.dll
0x00007ff968980000 - 0x00007ff968a75000 	C:\WINDOWS\System32\ucrtbase.dll
0x00007ff9686f0000 - 0x00007ff96875a000 	C:\WINDOWS\System32\bcryptPrimitives.dll
0x00007ff969e70000 - 0x00007ff969e9e000 	C:\WINDOWS\System32\IMM32.DLL
0x0000000068110000 - 0x00000000681e1000 	C:\Program Files\Java\jdk1.8.0_102\jre\bin\msvcr100.dll
0x00000000681f0000 - 0x0000000068a8a000 	C:\Program Files\Java\jdk1.8.0_102\jre\bin\server\jvm.dll
0x00007ff969e60000 - 0x00007ff969e68000 	C:\WINDOWS\System32\PSAPI.DLL
0x00007ff95ec50000 - 0x00007ff95ec59000 	C:\WINDOWS\SYSTEM32\WSOCK32.dll
0x00007ff9662c0000 - 0x00007ff9662e3000 	C:\WINDOWS\SYSTEM32\WINMM.dll
0x00007ff964e20000 - 0x00007ff964e2a000 	C:\WINDOWS\SYSTEM32\VERSION.dll
0x00007ff96b830000 - 0x00007ff96b89a000 	C:\WINDOWS\System32\WS2_32.dll
0x00007ff966290000 - 0x00007ff9662bb000 	C:\WINDOWS\SYSTEM32\WINMMBASE.dll
0x00007ff968760000 - 0x00007ff9687a2000 	C:\WINDOWS\System32\cfgmgr32.dll
0x0000000068100000 - 0x000000006810f000 	C:\Program Files\Java\jdk1.8.0_102\jre\bin\verify.dll
0x00000000680d0000 - 0x00000000680f9000 	C:\Program Files\Java\jdk1.8.0_102\jre\bin\java.dll
0x00000000680b0000 - 0x00000000680c6000 	C:\Program Files\Java\jdk1.8.0_102\jre\bin\zip.dll
0x00007ff96a320000 - 0x00007ff96b828000 	C:\WINDOWS\System32\SHELL32.dll
0x00007ff968b80000 - 0x00007ff96925a000 	C:\WINDOWS\System32\windows.storage.dll
0x00007ff968170000 - 0x00007ff9681bc000 	C:\WINDOWS\System32\powrprof.dll
0x00007ff96b940000 - 0x00007ff96b992000 	C:\WINDOWS\System32\shlwapi.dll
0x00007ff968160000 - 0x00007ff96816f000 	C:\WINDOWS\System32\kernel.appcore.dll
0x00007ff968490000 - 0x00007ff968539000 	C:\WINDOWS\System32\shcore.dll
0x00007ff968140000 - 0x00007ff968154000 	C:\WINDOWS\System32\profapi.dll

VM Arguments:
jvm_args: -Djava.awt.headless=true -Dfile.encoding=windows-1252 -Duser.country=US -Duser.language=en -Duser.variant 
java_command: com.android.multidex.ClassReferenceListBuilder C:\Users\home\Documents\Projects\iGap-New\app\build\intermediates\multi-dex\debug\componentClasses.jar C:\Users\home\Documents\Projects\iGap-New\app\build\intermediates\transforms\jarMerging\debug\jars\1\1f\combined.jar
java_class_path (initial): D:\sdk\build-tools\24.0.2\lib\dx.jar
Launcher Type: SUN_STANDARD

Environment Variables:
JAVA_HOME=C:\Program Files\Java\jdk1.8.0_102
PATH=C:\ProgramData\Oracle\Java\javapath;C:\Windows\system32;C:\Windows;C:\Windows\System32\Wbem;C:\Windows\System32\WindowsPowerShell\v1.0\;C:\Program Files (x86)\NVIDIA Corporation\PhysX\Common;C:\Program Files (x86)\Common Files\Acronis\SnapAPI\;D:\Program Files (x86)\Git\cmd;C:\WINDOWS\system32;C:\WINDOWS;C:\WINDOWS\System32\Wbem;C:\WINDOWS\System32\WindowsPowerShell\v1.0\;D:\Program Files (x86)\Ruby23-x64\bin;C:\Users\home\AppData\Local\Microsoft\WindowsApps;
USERNAME=home
OS=Windows_NT
PROCESSOR_IDENTIFIER=Intel64 Family 6 Model 60 Stepping 3, GenuineIntel



---------------  S Y S T E M  ---------------

OS: Windows 10.0 , 64 bit Build 14393 (10.0.14393.0)

CPU:total 8 (4 cores per cpu, 2 threads per core) family 6 model 60 stepping 3, cmov, cx8, fxsr, mmx, sse, sse2, sse3, ssse3, sse4.1, sse4.2, popcnt, avx, avx2, aes, clmul, erms, lzcnt, ht, tsc, tscinvbit, bmi1, bmi2

Memory: 4k page, physical 8309528k(1230832k free), swap 17054996k(5136k free)

vm_info: Java HotSpot(TM) 64-Bit Server VM (25.102-b14) for windows-amd64 JRE (1.8.0_102-b14), built on Jun 22 2016 13:15:21 by "java_re" with MS VC++ 10.0 (VS2010)

time: Sun Oct 16 15:49:03 2016
elapsed time: 0 seconds (0d 0h 0m 0s)

